2024-02-04T18:39:49.573+08:00  WARN 90340 --- [User Service] [main] c.a.nacos.client.logging.NacosLogging    : Load Logback Configuration of Nacos fail, message: Could not initialize Logback Nacos logging from classpath:nacos-logback.xml
2024-02-04T18:39:49.616+08:00  WARN 90340 --- [User Service] [main] c.a.nacos.client.logging.NacosLogging    : Load Logback Configuration of Nacos fail, message: Could not initialize Logback Nacos logging from classpath:nacos-logback.xml
2024-02-04T18:39:49.623+08:00  INFO 90340 --- [User Service] [main] c.e.pressuser.PressUserApplication       : Starting PressUserApplication using Java 20 with PID 90340 (/Users/clarec/Documents/GitHub/SpringPressSystem/press-service/press-user/target/classes started by clarec in /Users/clarec/Documents/GitHub/SpringPressSystem)
2024-02-04T18:39:49.623+08:00  INFO 90340 --- [User Service] [main] c.e.pressuser.PressUserApplication       : No active profile set, falling back to 1 default profile: "default"
2024-02-04T18:39:50.343+08:00  INFO 90340 --- [User Service] [main] o.s.cloud.context.scope.GenericScope     : BeanFactory id=9fa3dc7e-5218-32ff-a5c2-361f783e1faf
2024-02-04T18:39:50.535+08:00  INFO 90340 --- [User Service] [main] o.s.b.w.embedded.tomcat.TomcatWebServer  : Tomcat initialized with port 8080 (http)
2024-02-04T18:39:50.541+08:00  INFO 90340 --- [User Service] [main] o.apache.catalina.core.StandardService   : Starting service [Tomcat]
2024-02-04T18:39:50.542+08:00  INFO 90340 --- [User Service] [main] o.apache.catalina.core.StandardEngine    : Starting Servlet engine: [Apache Tomcat/10.1.18]
2024-02-04T18:39:50.567+08:00  INFO 90340 --- [User Service] [main] o.a.c.c.C.[Tomcat].[localhost].[/]       : Initializing Spring embedded WebApplicationContext
2024-02-04T18:39:50.568+08:00  INFO 90340 --- [User Service] [main] w.s.c.ServletWebServerApplicationContext : Root WebApplicationContext: initialization completed in 914 ms
2024-02-04T18:39:54.272+08:00  INFO 90340 --- [User Service] [main] o.s.b.a.e.web.EndpointLinksResolver      : Exposing 18 endpoint(s) beneath base path '/actuator'
2024-02-04T18:39:54.290+08:00  INFO 90340 --- [User Service] [main] o.s.s.web.DefaultSecurityFilterChain     : Will secure any request with [org.springframework.security.web.session.DisableEncodeUrlFilter@a99c42c, org.springframework.security.web.context.request.async.WebAsyncManagerIntegrationFilter@2fa879ed, org.springframework.security.web.context.SecurityContextHolderFilter@445058e8, org.springframework.security.web.header.HeaderWriterFilter@7b1c501d, org.springframework.web.filter.CorsFilter@2b2b7e3c, org.springframework.security.web.csrf.CsrfFilter@1171ba7e, org.springframework.security.web.authentication.logout.LogoutFilter@92e2c93, org.springframework.security.web.authentication.UsernamePasswordAuthenticationFilter@106459d9, org.springframework.security.web.authentication.ui.DefaultLoginPageGeneratingFilter@459bf87c, org.springframework.security.web.authentication.ui.DefaultLogoutPageGeneratingFilter@3ec082a1, org.springframework.security.web.authentication.www.BasicAuthenticationFilter@70ee9d31, org.springframework.security.web.savedrequest.RequestCacheAwareFilter@5a7a6d34, org.springframework.security.web.servletapi.SecurityContextHolderAwareRequestFilter@36871e98, org.springframework.security.web.authentication.AnonymousAuthenticationFilter@7a3c99f1, org.springframework.security.web.access.ExceptionTranslationFilter@7b3085a3, org.springframework.security.web.access.intercept.AuthorizationFilter@4f6fd101]
2024-02-04T18:39:54.394+08:00  WARN 90340 --- [User Service] [main] ConfigServletWebServerApplicationContext : Exception encountered during context initialization - cancelling refresh attempt: org.springframework.context.ApplicationContextException: Failed to start bean 'webServerStartStop'
2024-02-04T18:39:54.432+08:00  INFO 90340 --- [User Service] [main] .s.b.a.l.ConditionEvaluationReportLogger : 

Error starting ApplicationContext. To display the condition evaluation report re-run your application with 'debug' enabled.
2024-02-04T18:39:54.451+08:00 ERROR 90340 --- [User Service] [main] o.s.b.d.LoggingFailureAnalysisReporter   : 

***************************
APPLICATION FAILED TO START
***************************

Description:

Web server failed to start. Port 8080 was already in use.

Action:

Identify and stop the process that's listening on port 8080 or configure this application to listen on another port.

2024-02-04T18:40:13.496+08:00  WARN 90392 --- [User Service] [main] c.a.nacos.client.logging.NacosLogging    : Load Logback Configuration of Nacos fail, message: Could not initialize Logback Nacos logging from classpath:nacos-logback.xml
2024-02-04T18:40:13.533+08:00  WARN 90392 --- [User Service] [main] c.a.nacos.client.logging.NacosLogging    : Load Logback Configuration of Nacos fail, message: Could not initialize Logback Nacos logging from classpath:nacos-logback.xml
2024-02-04T18:40:13.538+08:00  INFO 90392 --- [User Service] [main] c.e.pressuser.PressUserApplication       : Starting PressUserApplication using Java 20 with PID 90392 (/Users/clarec/Documents/GitHub/SpringPressSystem/press-service/press-user/target/classes started by clarec in /Users/clarec/Documents/GitHub/SpringPressSystem)
2024-02-04T18:40:13.539+08:00  INFO 90392 --- [User Service] [main] c.e.pressuser.PressUserApplication       : No active profile set, falling back to 1 default profile: "default"
2024-02-04T18:40:14.201+08:00  INFO 90392 --- [User Service] [main] o.s.cloud.context.scope.GenericScope     : BeanFactory id=9fa3dc7e-5218-32ff-a5c2-361f783e1faf
2024-02-04T18:40:14.383+08:00  INFO 90392 --- [User Service] [main] o.s.b.w.embedded.tomcat.TomcatWebServer  : Tomcat initialized with port 8083 (http)
2024-02-04T18:40:14.390+08:00  INFO 90392 --- [User Service] [main] o.apache.catalina.core.StandardService   : Starting service [Tomcat]
2024-02-04T18:40:14.390+08:00  INFO 90392 --- [User Service] [main] o.apache.catalina.core.StandardEngine    : Starting Servlet engine: [Apache Tomcat/10.1.18]
2024-02-04T18:40:14.423+08:00  INFO 90392 --- [User Service] [main] o.a.c.c.C.[Tomcat].[localhost].[/]       : Initializing Spring embedded WebApplicationContext
2024-02-04T18:40:14.423+08:00  INFO 90392 --- [User Service] [main] w.s.c.ServletWebServerApplicationContext : Root WebApplicationContext: initialization completed in 848 ms
2024-02-04T18:40:15.043+08:00  INFO 90392 --- [User Service] [main] o.s.b.a.e.web.EndpointLinksResolver      : Exposing 18 endpoint(s) beneath base path '/actuator'
2024-02-04T18:40:15.060+08:00  INFO 90392 --- [User Service] [main] o.s.s.web.DefaultSecurityFilterChain     : Will secure any request with [org.springframework.security.web.session.DisableEncodeUrlFilter@a99c42c, org.springframework.security.web.context.request.async.WebAsyncManagerIntegrationFilter@2fa879ed, org.springframework.security.web.context.SecurityContextHolderFilter@445058e8, org.springframework.security.web.header.HeaderWriterFilter@7b1c501d, org.springframework.web.filter.CorsFilter@2b2b7e3c, org.springframework.security.web.csrf.CsrfFilter@1171ba7e, org.springframework.security.web.authentication.logout.LogoutFilter@92e2c93, org.springframework.security.web.authentication.UsernamePasswordAuthenticationFilter@106459d9, org.springframework.security.web.authentication.ui.DefaultLoginPageGeneratingFilter@459bf87c, org.springframework.security.web.authentication.ui.DefaultLogoutPageGeneratingFilter@3ec082a1, org.springframework.security.web.authentication.www.BasicAuthenticationFilter@70ee9d31, org.springframework.security.web.savedrequest.RequestCacheAwareFilter@5a7a6d34, org.springframework.security.web.servletapi.SecurityContextHolderAwareRequestFilter@36871e98, org.springframework.security.web.authentication.AnonymousAuthenticationFilter@7a3c99f1, org.springframework.security.web.access.ExceptionTranslationFilter@7b3085a3, org.springframework.security.web.access.intercept.AuthorizationFilter@4f6fd101]
2024-02-04T18:40:15.140+08:00  INFO 90392 --- [User Service] [main] o.s.b.w.embedded.tomcat.TomcatWebServer  : Tomcat started on port 8083 (http) with context path ''
2024-02-04T18:40:15.145+08:00  WARN 90392 --- [User Service] [main] c.a.nacos.client.logging.NacosLogging    : Load Logback Configuration of Nacos fail, message: Could not initialize Logback Nacos logging from classpath:nacos-logback.xml
2024-02-04T18:40:15.145+08:00  INFO 90392 --- [User Service] [main] com.alibaba.nacos.client.naming          : initializer namespace from ans.namespace attribute : null
2024-02-04T18:40:15.145+08:00  INFO 90392 --- [User Service] [main] com.alibaba.nacos.client.naming          : initializer namespace from ALIBABA_ALIWARE_NAMESPACE attribute :null
2024-02-04T18:40:15.145+08:00  INFO 90392 --- [User Service] [main] com.alibaba.nacos.client.naming          : initializer namespace from namespace attribute :null
2024-02-04T18:40:15.158+08:00  INFO 90392 --- [User Service] [main] c.alibaba.nacos.client.utils.ParamUtil   : [settings] [req-serv] nacos-server port:8848
2024-02-04T18:40:15.158+08:00  INFO 90392 --- [User Service] [main] c.alibaba.nacos.client.utils.ParamUtil   : [settings] [http-client] connect timeout:1000
2024-02-04T18:40:15.159+08:00  INFO 90392 --- [User Service] [main] c.alibaba.nacos.client.utils.ParamUtil   : PER_TASK_CONFIG_SIZE: 3000.0
2024-02-04T18:40:15.161+08:00  INFO 90392 --- [User Service] [main] c.a.n.p.a.s.c.ClientAuthPluginManager    : [ClientAuthPluginManager] Load ClientAuthService com.alibaba.nacos.client.auth.impl.NacosClientAuthServiceImpl success.
2024-02-04T18:40:15.161+08:00  INFO 90392 --- [User Service] [main] c.a.n.p.a.s.c.ClientAuthPluginManager    : [ClientAuthPluginManager] Load ClientAuthService com.alibaba.nacos.client.auth.ram.RamClientAuthServiceImpl success.
2024-02-04T18:40:15.180+08:00  INFO 90392 --- [User Service] [main] c.a.n.c.a.r.identify.CredentialWatcher   : null No credential found
2024-02-04T18:40:15.185+08:00  INFO 90392 --- [User Service] [main] com.alibaba.nacos.common.remote.client   : [RpcClientFactory] create a new rpc client of f1c3882d-7802-4879-bbff-f7e0cb986e61
2024-02-04T18:40:15.196+08:00  INFO 90392 --- [User Service] [main] com.alibaba.nacos.common.remote.client   : [f1c3882d-7802-4879-bbff-f7e0cb986e61] RpcClient init, ServerListFactory = com.alibaba.nacos.client.naming.core.ServerListManager
2024-02-04T18:40:15.196+08:00  INFO 90392 --- [User Service] [main] com.alibaba.nacos.common.remote.client   : [f1c3882d-7802-4879-bbff-f7e0cb986e61] Registry connection listener to current client:com.alibaba.nacos.client.naming.remote.gprc.redo.NamingGrpcRedoService
2024-02-04T18:40:15.196+08:00  INFO 90392 --- [User Service] [main] com.alibaba.nacos.common.remote.client   : [f1c3882d-7802-4879-bbff-f7e0cb986e61] Register server push request handler:com.alibaba.nacos.client.naming.remote.gprc.NamingPushRequestHandler
2024-02-04T18:40:15.197+08:00  INFO 90392 --- [User Service] [main] com.alibaba.nacos.common.remote.client   : [f1c3882d-7802-4879-bbff-f7e0cb986e61] Try to connect to server on start up, server: {serverIp = '127.0.0.1', server main port = 8848}
2024-02-04T18:40:15.215+08:00  INFO 90392 --- [User Service] [main] c.a.n.c.remote.client.grpc.GrpcClient    : grpc client connection server:127.0.0.1 ip,serverPort:9848,grpcTslConfig:{"sslProvider":"OPENSSL","enableTls":false,"mutualAuthEnable":false,"trustAll":false}
2024-02-04T18:40:15.666+08:00  INFO 90392 --- [User Service] [main] com.alibaba.nacos.common.remote.client   : [f1c3882d-7802-4879-bbff-f7e0cb986e61] Success to connect to server [127.0.0.1:8848] on start up, connectionId = 1707043215514_127.0.0.1_65158
2024-02-04T18:40:15.667+08:00  INFO 90392 --- [User Service] [com.alibaba.nacos.client.remote.worker] com.alibaba.nacos.common.remote.client   : [f1c3882d-7802-4879-bbff-f7e0cb986e61] Notify connected event to listeners.
2024-02-04T18:40:15.667+08:00  INFO 90392 --- [User Service] [com.alibaba.nacos.client.remote.worker] com.alibaba.nacos.client.naming          : Grpc connection connect
2024-02-04T18:40:15.667+08:00  INFO 90392 --- [User Service] [main] com.alibaba.nacos.common.remote.client   : [f1c3882d-7802-4879-bbff-f7e0cb986e61] Register server push request handler:com.alibaba.nacos.common.remote.client.RpcClient$ConnectResetRequestHandler
2024-02-04T18:40:15.667+08:00  INFO 90392 --- [User Service] [main] com.alibaba.nacos.common.remote.client   : [f1c3882d-7802-4879-bbff-f7e0cb986e61] Register server push request handler:com.alibaba.nacos.common.remote.client.RpcClient$$Lambda$1218/0x0000000801702fd8
2024-02-04T18:40:15.668+08:00  INFO 90392 --- [User Service] [main] com.alibaba.nacos.client.naming          : [REGISTER-SERVICE] public registering service User Service with instance Instance{instanceId='null', ip='192.168.0.200', port=8083, weight=1.0, healthy=true, enabled=true, ephemeral=true, clusterName='DEFAULT', serviceName='null', metadata={IPv6=[240e:390:9a50:f2f0:4d14:782e:f2db:f5b7], preserved.register.source=SPRING_CLOUD}}
2024-02-04T18:40:15.688+08:00  INFO 90392 --- [User Service] [main] c.a.c.n.registry.NacosServiceRegistry    : nacos registry, DEFAULT_GROUP User Service 192.168.0.200:8083 register finished
2024-02-04T18:40:15.708+08:00  INFO 90392 --- [User Service] [main] c.e.pressuser.PressUserApplication       : Started PressUserApplication in 2.457 seconds (process running for 2.797)
2024-02-04T18:40:15.749+08:00  INFO 90392 --- [User Service] [registrationTask1] d.c.b.a.c.r.ApplicationRegistrator       : Application registered itself as cc6514ed4390
2024-02-04T18:40:15.768+08:00  INFO 90392 --- [User Service] [http-nio-8083-exec-1] o.a.c.c.C.[Tomcat].[localhost].[/]       : Initializing Spring DispatcherServlet 'dispatcherServlet'
2024-02-04T18:40:15.768+08:00  INFO 90392 --- [User Service] [http-nio-8083-exec-1] o.s.web.servlet.DispatcherServlet        : Initializing Servlet 'dispatcherServlet'
2024-02-04T18:40:15.769+08:00  INFO 90392 --- [User Service] [http-nio-8083-exec-1] o.s.web.servlet.DispatcherServlet        : Completed initialization in 1 ms
2024-02-04T18:40:16.081+08:00  INFO 90392 --- [User Service] [http-nio-8083-exec-1] com.zaxxer.hikari.HikariDataSource       : HikariPool-1 - Starting...
2024-02-04T18:40:16.286+08:00  INFO 90392 --- [User Service] [http-nio-8083-exec-1] com.zaxxer.hikari.pool.HikariPool        : HikariPool-1 - Added connection com.mysql.cj.jdbc.ConnectionImpl@23f3b1b8
2024-02-04T18:40:16.288+08:00  INFO 90392 --- [User Service] [http-nio-8083-exec-1] com.zaxxer.hikari.HikariDataSource       : HikariPool-1 - Start completed.
2024-02-04T18:40:29.381+08:00  WARN 90392 --- [User Service] [Thread-4] c.a.nacos.common.notify.NotifyCenter     : [NotifyCenter] Start destroying Publisher
2024-02-04T18:40:29.381+08:00  WARN 90392 --- [User Service] [Thread-7] c.a.n.common.http.HttpClientBeanHolder   : [HttpClientBeanHolder] Start destroying common HttpClient
2024-02-04T18:40:29.384+08:00  WARN 90392 --- [User Service] [Thread-4] c.a.nacos.common.notify.NotifyCenter     : [NotifyCenter] Destruction of the end
2024-02-04T18:40:29.386+08:00  WARN 90392 --- [User Service] [Thread-7] c.a.n.common.http.HttpClientBeanHolder   : [HttpClientBeanHolder] Destruction of the end
