2024-02-04T18:35:52.039+08:00  WARN 90011 --- [Comment Service] [main] c.a.nacos.client.logging.NacosLogging    : Load Logback Configuration of Nacos fail, message: Could not initialize Logback Nacos logging from classpath:nacos-logback.xml
2024-02-04T18:35:52.091+08:00  WARN 90011 --- [Comment Service] [main] c.a.nacos.client.logging.NacosLogging    : Load Logback Configuration of Nacos fail, message: Could not initialize Logback Nacos logging from classpath:nacos-logback.xml
2024-02-04T18:35:52.095+08:00  INFO 90011 --- [Comment Service] [main] c.e.p.PressCommentApplication            : Starting PressCommentApplication using Java 20 with PID 90011 (/Users/clarec/Documents/GitHub/SpringPressSystem/press-service/press-comment/target/classes started by clarec in /Users/clarec/Documents/GitHub/SpringPressSystem)
2024-02-04T18:35:52.095+08:00  INFO 90011 --- [Comment Service] [main] c.e.p.PressCommentApplication            : No active profile set, falling back to 1 default profile: "default"
2024-02-04T18:35:52.770+08:00  INFO 90011 --- [Comment Service] [main] o.s.cloud.context.scope.GenericScope     : BeanFactory id=461e5f9d-7347-30b2-9d54-a38e1905a827
2024-02-04T18:35:52.945+08:00  INFO 90011 --- [Comment Service] [main] o.s.b.w.embedded.tomcat.TomcatWebServer  : Tomcat initialized with port 8080 (http)
2024-02-04T18:35:52.952+08:00  INFO 90011 --- [Comment Service] [main] o.apache.catalina.core.StandardService   : Starting service [Tomcat]
2024-02-04T18:35:52.952+08:00  INFO 90011 --- [Comment Service] [main] o.apache.catalina.core.StandardEngine    : Starting Servlet engine: [Apache Tomcat/10.1.18]
2024-02-04T18:35:52.977+08:00  INFO 90011 --- [Comment Service] [main] o.a.c.c.C.[Tomcat].[localhost].[/]       : Initializing Spring embedded WebApplicationContext
2024-02-04T18:35:52.977+08:00  INFO 90011 --- [Comment Service] [main] w.s.c.ServletWebServerApplicationContext : Root WebApplicationContext: initialization completed in 852 ms
2024-02-04T18:35:53.586+08:00  INFO 90011 --- [Comment Service] [main] o.s.b.a.e.web.EndpointLinksResolver      : Exposing 18 endpoint(s) beneath base path '/actuator'
2024-02-04T18:35:53.604+08:00  INFO 90011 --- [Comment Service] [main] o.s.s.web.DefaultSecurityFilterChain     : Will secure any request with [org.springframework.security.web.session.DisableEncodeUrlFilter@2acca224, org.springframework.security.web.context.request.async.WebAsyncManagerIntegrationFilter@7ac685ef, org.springframework.security.web.context.SecurityContextHolderFilter@38667005, org.springframework.security.web.header.HeaderWriterFilter@7d977a20, org.springframework.web.filter.CorsFilter@223cbf0d, org.springframework.security.web.csrf.CsrfFilter@5d9bb69b, org.springframework.security.web.authentication.logout.LogoutFilter@780ee3ad, org.springframework.security.web.authentication.UsernamePasswordAuthenticationFilter@5a7a6d34, org.springframework.security.web.authentication.ui.DefaultLoginPageGeneratingFilter@40538370, org.springframework.security.web.authentication.ui.DefaultLogoutPageGeneratingFilter@4a4ff5ed, org.springframework.security.web.authentication.www.BasicAuthenticationFilter@23df7fad, org.springframework.security.web.savedrequest.RequestCacheAwareFilter@1131aead, org.springframework.security.web.servletapi.SecurityContextHolderAwareRequestFilter@7d126083, org.springframework.security.web.authentication.AnonymousAuthenticationFilter@5ddb302, org.springframework.security.web.access.ExceptionTranslationFilter@165aa43a, org.springframework.security.web.access.intercept.AuthorizationFilter@5d5574c7]
2024-02-04T18:35:53.679+08:00  WARN 90011 --- [Comment Service] [main] ConfigServletWebServerApplicationContext : Exception encountered during context initialization - cancelling refresh attempt: org.springframework.context.ApplicationContextException: Failed to start bean 'webServerStartStop'
2024-02-04T18:35:53.703+08:00  INFO 90011 --- [Comment Service] [main] .s.b.a.l.ConditionEvaluationReportLogger : 

Error starting ApplicationContext. To display the condition evaluation report re-run your application with 'debug' enabled.
2024-02-04T18:35:53.714+08:00 ERROR 90011 --- [Comment Service] [main] o.s.b.d.LoggingFailureAnalysisReporter   : 

***************************
APPLICATION FAILED TO START
***************************

Description:

Web server failed to start. Port 8080 was already in use.

Action:

Identify and stop the process that's listening on port 8080 or configure this application to listen on another port.

2024-02-04T18:36:06.376+08:00  WARN 90046 --- [Comment Service] [main] c.a.nacos.client.logging.NacosLogging    : Load Logback Configuration of Nacos fail, message: Could not initialize Logback Nacos logging from classpath:nacos-logback.xml
2024-02-04T18:36:06.437+08:00  WARN 90046 --- [Comment Service] [main] c.a.nacos.client.logging.NacosLogging    : Load Logback Configuration of Nacos fail, message: Could not initialize Logback Nacos logging from classpath:nacos-logback.xml
2024-02-04T18:36:06.448+08:00  INFO 90046 --- [Comment Service] [main] c.e.p.PressCommentApplication            : Starting PressCommentApplication using Java 20 with PID 90046 (/Users/clarec/Documents/GitHub/SpringPressSystem/press-service/press-comment/target/classes started by clarec in /Users/clarec/Documents/GitHub/SpringPressSystem)
2024-02-04T18:36:06.449+08:00  INFO 90046 --- [Comment Service] [main] c.e.p.PressCommentApplication            : No active profile set, falling back to 1 default profile: "default"
2024-02-04T18:36:07.384+08:00  INFO 90046 --- [Comment Service] [main] o.s.cloud.context.scope.GenericScope     : BeanFactory id=461e5f9d-7347-30b2-9d54-a38e1905a827
2024-02-04T18:36:07.560+08:00  INFO 90046 --- [Comment Service] [main] o.s.b.w.embedded.tomcat.TomcatWebServer  : Tomcat initialized with port 8081 (http)
2024-02-04T18:36:07.566+08:00  INFO 90046 --- [Comment Service] [main] o.apache.catalina.core.StandardService   : Starting service [Tomcat]
2024-02-04T18:36:07.566+08:00  INFO 90046 --- [Comment Service] [main] o.apache.catalina.core.StandardEngine    : Starting Servlet engine: [Apache Tomcat/10.1.18]
2024-02-04T18:36:07.590+08:00  INFO 90046 --- [Comment Service] [main] o.a.c.c.C.[Tomcat].[localhost].[/]       : Initializing Spring embedded WebApplicationContext
2024-02-04T18:36:07.590+08:00  INFO 90046 --- [Comment Service] [main] w.s.c.ServletWebServerApplicationContext : Root WebApplicationContext: initialization completed in 1059 ms
2024-02-04T18:36:08.231+08:00  INFO 90046 --- [Comment Service] [main] o.s.b.a.e.web.EndpointLinksResolver      : Exposing 18 endpoint(s) beneath base path '/actuator'
2024-02-04T18:36:08.248+08:00  INFO 90046 --- [Comment Service] [main] o.s.s.web.DefaultSecurityFilterChain     : Will secure any request with [org.springframework.security.web.session.DisableEncodeUrlFilter@7ac685ef, org.springframework.security.web.context.request.async.WebAsyncManagerIntegrationFilter@223cbf0d, org.springframework.security.web.context.SecurityContextHolderFilter@76134b9b, org.springframework.security.web.header.HeaderWriterFilter@22cd8ec2, org.springframework.web.filter.CorsFilter@4a4ff5ed, org.springframework.security.web.csrf.CsrfFilter@359865a2, org.springframework.security.web.authentication.logout.LogoutFilter@6cee903a, org.springframework.security.web.authentication.UsernamePasswordAuthenticationFilter@36871e98, org.springframework.security.web.authentication.ui.DefaultLoginPageGeneratingFilter@48af5f38, org.springframework.security.web.authentication.ui.DefaultLogoutPageGeneratingFilter@5ddb302, org.springframework.security.web.authentication.www.BasicAuthenticationFilter@4ab455e2, org.springframework.security.web.savedrequest.RequestCacheAwareFilter@7ee64b53, org.springframework.security.web.servletapi.SecurityContextHolderAwareRequestFilter@1131aead, org.springframework.security.web.authentication.AnonymousAuthenticationFilter@4b7ab7ab, org.springframework.security.web.access.ExceptionTranslationFilter@629cbb1, org.springframework.security.web.access.intercept.AuthorizationFilter@5a7a6d34]
2024-02-04T18:36:08.331+08:00  INFO 90046 --- [Comment Service] [main] o.s.b.w.embedded.tomcat.TomcatWebServer  : Tomcat started on port 8081 (http) with context path ''
2024-02-04T18:36:08.335+08:00  WARN 90046 --- [Comment Service] [main] c.a.nacos.client.logging.NacosLogging    : Load Logback Configuration of Nacos fail, message: Could not initialize Logback Nacos logging from classpath:nacos-logback.xml
2024-02-04T18:36:08.335+08:00  INFO 90046 --- [Comment Service] [main] com.alibaba.nacos.client.naming          : initializer namespace from ans.namespace attribute : null
2024-02-04T18:36:08.336+08:00  INFO 90046 --- [Comment Service] [main] com.alibaba.nacos.client.naming          : initializer namespace from ALIBABA_ALIWARE_NAMESPACE attribute :null
2024-02-04T18:36:08.336+08:00  INFO 90046 --- [Comment Service] [main] com.alibaba.nacos.client.naming          : initializer namespace from namespace attribute :null
2024-02-04T18:36:08.348+08:00  INFO 90046 --- [Comment Service] [main] c.alibaba.nacos.client.utils.ParamUtil   : [settings] [req-serv] nacos-server port:8848
2024-02-04T18:36:08.349+08:00  INFO 90046 --- [Comment Service] [main] c.alibaba.nacos.client.utils.ParamUtil   : [settings] [http-client] connect timeout:1000
2024-02-04T18:36:08.349+08:00  INFO 90046 --- [Comment Service] [main] c.alibaba.nacos.client.utils.ParamUtil   : PER_TASK_CONFIG_SIZE: 3000.0
2024-02-04T18:36:08.351+08:00  INFO 90046 --- [Comment Service] [main] c.a.n.p.a.s.c.ClientAuthPluginManager    : [ClientAuthPluginManager] Load ClientAuthService com.alibaba.nacos.client.auth.impl.NacosClientAuthServiceImpl success.
2024-02-04T18:36:08.352+08:00  INFO 90046 --- [Comment Service] [main] c.a.n.p.a.s.c.ClientAuthPluginManager    : [ClientAuthPluginManager] Load ClientAuthService com.alibaba.nacos.client.auth.ram.RamClientAuthServiceImpl success.
2024-02-04T18:36:08.383+08:00  INFO 90046 --- [Comment Service] [main] c.a.n.c.a.r.identify.CredentialWatcher   : null No credential found
2024-02-04T18:36:08.388+08:00  INFO 90046 --- [Comment Service] [main] com.alibaba.nacos.common.remote.client   : [RpcClientFactory] create a new rpc client of 09c9b1c9-4d95-407a-b369-05aff6392774
2024-02-04T18:36:08.398+08:00  INFO 90046 --- [Comment Service] [main] com.alibaba.nacos.common.remote.client   : [09c9b1c9-4d95-407a-b369-05aff6392774] RpcClient init, ServerListFactory = com.alibaba.nacos.client.naming.core.ServerListManager
2024-02-04T18:36:08.398+08:00  INFO 90046 --- [Comment Service] [main] com.alibaba.nacos.common.remote.client   : [09c9b1c9-4d95-407a-b369-05aff6392774] Registry connection listener to current client:com.alibaba.nacos.client.naming.remote.gprc.redo.NamingGrpcRedoService
2024-02-04T18:36:08.398+08:00  INFO 90046 --- [Comment Service] [main] com.alibaba.nacos.common.remote.client   : [09c9b1c9-4d95-407a-b369-05aff6392774] Register server push request handler:com.alibaba.nacos.client.naming.remote.gprc.NamingPushRequestHandler
2024-02-04T18:36:08.399+08:00  INFO 90046 --- [Comment Service] [main] com.alibaba.nacos.common.remote.client   : [09c9b1c9-4d95-407a-b369-05aff6392774] Try to connect to server on start up, server: {serverIp = '127.0.0.1', server main port = 8848}
2024-02-04T18:36:08.416+08:00  INFO 90046 --- [Comment Service] [main] c.a.n.c.remote.client.grpc.GrpcClient    : grpc client connection server:127.0.0.1 ip,serverPort:9848,grpcTslConfig:{"sslProvider":"OPENSSL","enableTls":false,"mutualAuthEnable":false,"trustAll":false}
2024-02-04T18:36:08.843+08:00  INFO 90046 --- [Comment Service] [main] com.alibaba.nacos.common.remote.client   : [09c9b1c9-4d95-407a-b369-05aff6392774] Success to connect to server [127.0.0.1:8848] on start up, connectionId = 1707042968690_127.0.0.1_63979
2024-02-04T18:36:08.844+08:00  INFO 90046 --- [Comment Service] [com.alibaba.nacos.client.remote.worker] com.alibaba.nacos.common.remote.client   : [09c9b1c9-4d95-407a-b369-05aff6392774] Notify connected event to listeners.
2024-02-04T18:36:08.844+08:00  INFO 90046 --- [Comment Service] [main] com.alibaba.nacos.common.remote.client   : [09c9b1c9-4d95-407a-b369-05aff6392774] Register server push request handler:com.alibaba.nacos.common.remote.client.RpcClient$ConnectResetRequestHandler
2024-02-04T18:36:08.844+08:00  INFO 90046 --- [Comment Service] [com.alibaba.nacos.client.remote.worker] com.alibaba.nacos.client.naming          : Grpc connection connect
2024-02-04T18:36:08.844+08:00  INFO 90046 --- [Comment Service] [main] com.alibaba.nacos.common.remote.client   : [09c9b1c9-4d95-407a-b369-05aff6392774] Register server push request handler:com.alibaba.nacos.common.remote.client.RpcClient$$Lambda$1217/0x00000008016fc750
2024-02-04T18:36:08.845+08:00  INFO 90046 --- [Comment Service] [main] com.alibaba.nacos.client.naming          : [REGISTER-SERVICE] public registering service Comment Service with instance Instance{instanceId='null', ip='192.168.0.200', port=8081, weight=1.0, healthy=true, enabled=true, ephemeral=true, clusterName='DEFAULT', serviceName='null', metadata={IPv6=[240e:390:9a50:f2f0:4d14:782e:f2db:f5b7], preserved.register.source=SPRING_CLOUD}}
2024-02-04T18:36:08.855+08:00  INFO 90046 --- [Comment Service] [main] c.a.c.n.registry.NacosServiceRegistry    : nacos registry, DEFAULT_GROUP Comment Service 192.168.0.200:8081 register finished
2024-02-04T18:36:08.875+08:00  INFO 90046 --- [Comment Service] [main] c.e.p.PressCommentApplication            : Started PressCommentApplication in 2.909 seconds (process running for 3.416)
2024-02-04T18:36:08.935+08:00  INFO 90046 --- [Comment Service] [registrationTask1] d.c.b.a.c.r.ApplicationRegistrator       : Application registered itself as e2cc1f483e5f
2024-02-04T18:36:08.954+08:00  INFO 90046 --- [Comment Service] [http-nio-8081-exec-1] o.a.c.c.C.[Tomcat].[localhost].[/]       : Initializing Spring DispatcherServlet 'dispatcherServlet'
2024-02-04T18:36:08.955+08:00  INFO 90046 --- [Comment Service] [http-nio-8081-exec-1] o.s.web.servlet.DispatcherServlet        : Initializing Servlet 'dispatcherServlet'
2024-02-04T18:36:08.956+08:00  INFO 90046 --- [Comment Service] [http-nio-8081-exec-1] o.s.web.servlet.DispatcherServlet        : Completed initialization in 1 ms
2024-02-04T18:36:09.269+08:00  INFO 90046 --- [Comment Service] [http-nio-8081-exec-1] com.zaxxer.hikari.HikariDataSource       : HikariPool-1 - Starting...
2024-02-04T18:36:09.532+08:00  INFO 90046 --- [Comment Service] [http-nio-8081-exec-1] com.zaxxer.hikari.pool.HikariPool        : HikariPool-1 - Added connection com.mysql.cj.jdbc.ConnectionImpl@27259d80
2024-02-04T18:36:09.535+08:00  INFO 90046 --- [Comment Service] [http-nio-8081-exec-1] com.zaxxer.hikari.HikariDataSource       : HikariPool-1 - Start completed.
2024-02-04T18:40:34.027+08:00  WARN 90046 --- [Comment Service] [Thread-4] c.a.nacos.common.notify.NotifyCenter     : [NotifyCenter] Start destroying Publisher
2024-02-04T18:40:34.027+08:00  WARN 90046 --- [Comment Service] [Thread-7] c.a.n.common.http.HttpClientBeanHolder   : [HttpClientBeanHolder] Start destroying common HttpClient
2024-02-04T18:40:34.030+08:00  WARN 90046 --- [Comment Service] [Thread-4] c.a.nacos.common.notify.NotifyCenter     : [NotifyCenter] Destruction of the end
2024-02-04T18:40:34.031+08:00  WARN 90046 --- [Comment Service] [Thread-7] c.a.n.common.http.HttpClientBeanHolder   : [HttpClientBeanHolder] Destruction of the end
