2024-02-04T18:37:24.502+08:00  WARN 90175 --- [News Service] [main] c.a.nacos.client.logging.NacosLogging    : Load Logback Configuration of Nacos fail, message: Could not initialize Logback Nacos logging from classpath:nacos-logback.xml
2024-02-04T18:37:24.556+08:00  WARN 90175 --- [News Service] [main] c.a.nacos.client.logging.NacosLogging    : Load Logback Configuration of Nacos fail, message: Could not initialize Logback Nacos logging from classpath:nacos-logback.xml
2024-02-04T18:37:24.567+08:00  INFO 90175 --- [News Service] [main] c.e.pressnews.PressNewsApplication       : Starting PressNewsApplication using Java 20 with PID 90175 (/Users/clarec/Documents/GitHub/SpringPressSystem/press-service/press-news/target/classes started by clarec in /Users/clarec/Documents/GitHub/SpringPressSystem)
2024-02-04T18:37:24.569+08:00  INFO 90175 --- [News Service] [main] c.e.pressnews.PressNewsApplication       : No active profile set, falling back to 1 default profile: "default"
2024-02-04T18:37:25.268+08:00  INFO 90175 --- [News Service] [main] o.s.cloud.context.scope.GenericScope     : BeanFactory id=92be0a1b-250b-398e-a6ac-ec60b1cba15c
2024-02-04T18:37:25.520+08:00  INFO 90175 --- [News Service] [main] o.s.b.w.embedded.tomcat.TomcatWebServer  : Tomcat initialized with port 8082 (http)
2024-02-04T18:37:25.527+08:00  INFO 90175 --- [News Service] [main] o.apache.catalina.core.StandardService   : Starting service [Tomcat]
2024-02-04T18:37:25.527+08:00  INFO 90175 --- [News Service] [main] o.apache.catalina.core.StandardEngine    : Starting Servlet engine: [Apache Tomcat/10.1.18]
2024-02-04T18:37:25.556+08:00  INFO 90175 --- [News Service] [main] o.a.c.c.C.[Tomcat].[localhost].[/]       : Initializing Spring embedded WebApplicationContext
2024-02-04T18:37:25.556+08:00  INFO 90175 --- [News Service] [main] w.s.c.ServletWebServerApplicationContext : Root WebApplicationContext: initialization completed in 946 ms
2024-02-04T18:37:26.612+08:00  INFO 90175 --- [News Service] [main] o.s.b.a.e.web.EndpointLinksResolver      : Exposing 18 endpoint(s) beneath base path '/actuator'
2024-02-04T18:37:26.632+08:00  INFO 90175 --- [News Service] [main] o.s.s.web.DefaultSecurityFilterChain     : Will secure any request with [org.springframework.security.web.session.DisableEncodeUrlFilter@4c8d45cf, org.springframework.security.web.context.request.async.WebAsyncManagerIntegrationFilter@fde487b, org.springframework.security.web.context.SecurityContextHolderFilter@5fb44964, org.springframework.security.web.header.HeaderWriterFilter@5f3f57ff, org.springframework.web.filter.CorsFilter@4cc4d454, org.springframework.security.web.csrf.CsrfFilter@6e090aaa, org.springframework.security.web.authentication.logout.LogoutFilter@61c5fd78, org.springframework.security.web.authentication.UsernamePasswordAuthenticationFilter@3ba97962, org.springframework.security.web.authentication.ui.DefaultLoginPageGeneratingFilter@3c64339f, org.springframework.security.web.authentication.ui.DefaultLogoutPageGeneratingFilter@3add5e17, org.springframework.security.web.authentication.www.BasicAuthenticationFilter@df9d400, org.springframework.security.web.savedrequest.RequestCacheAwareFilter@1d444652, org.springframework.security.web.servletapi.SecurityContextHolderAwareRequestFilter@669c2b07, org.springframework.security.web.authentication.AnonymousAuthenticationFilter@1c58d7be, org.springframework.security.web.access.ExceptionTranslationFilter@5996d6f2, org.springframework.security.web.access.intercept.AuthorizationFilter@20231384]
2024-02-04T18:37:26.728+08:00  INFO 90175 --- [News Service] [main] o.s.b.w.embedded.tomcat.TomcatWebServer  : Tomcat started on port 8082 (http) with context path ''
2024-02-04T18:37:26.733+08:00  WARN 90175 --- [News Service] [main] c.a.nacos.client.logging.NacosLogging    : Load Logback Configuration of Nacos fail, message: Could not initialize Logback Nacos logging from classpath:nacos-logback.xml
2024-02-04T18:37:26.734+08:00  INFO 90175 --- [News Service] [main] com.alibaba.nacos.client.naming          : initializer namespace from ans.namespace attribute : null
2024-02-04T18:37:26.734+08:00  INFO 90175 --- [News Service] [main] com.alibaba.nacos.client.naming          : initializer namespace from ALIBABA_ALIWARE_NAMESPACE attribute :null
2024-02-04T18:37:26.734+08:00  INFO 90175 --- [News Service] [main] com.alibaba.nacos.client.naming          : initializer namespace from namespace attribute :null
2024-02-04T18:37:26.747+08:00  INFO 90175 --- [News Service] [main] c.alibaba.nacos.client.utils.ParamUtil   : [settings] [req-serv] nacos-server port:8848
2024-02-04T18:37:26.748+08:00  INFO 90175 --- [News Service] [main] c.alibaba.nacos.client.utils.ParamUtil   : [settings] [http-client] connect timeout:1000
2024-02-04T18:37:26.748+08:00  INFO 90175 --- [News Service] [main] c.alibaba.nacos.client.utils.ParamUtil   : PER_TASK_CONFIG_SIZE: 3000.0
2024-02-04T18:37:26.750+08:00  INFO 90175 --- [News Service] [main] c.a.n.p.a.s.c.ClientAuthPluginManager    : [ClientAuthPluginManager] Load ClientAuthService com.alibaba.nacos.client.auth.impl.NacosClientAuthServiceImpl success.
2024-02-04T18:37:26.750+08:00  INFO 90175 --- [News Service] [main] c.a.n.p.a.s.c.ClientAuthPluginManager    : [ClientAuthPluginManager] Load ClientAuthService com.alibaba.nacos.client.auth.ram.RamClientAuthServiceImpl success.
2024-02-04T18:37:26.770+08:00  INFO 90175 --- [News Service] [main] c.a.n.c.a.r.identify.CredentialWatcher   : null No credential found
2024-02-04T18:37:26.775+08:00  INFO 90175 --- [News Service] [main] com.alibaba.nacos.common.remote.client   : [RpcClientFactory] create a new rpc client of ddc20fd0-6f26-4493-8cfb-56155c68d87b
2024-02-04T18:37:26.785+08:00  INFO 90175 --- [News Service] [main] com.alibaba.nacos.common.remote.client   : [ddc20fd0-6f26-4493-8cfb-56155c68d87b] RpcClient init, ServerListFactory = com.alibaba.nacos.client.naming.core.ServerListManager
2024-02-04T18:37:26.785+08:00  INFO 90175 --- [News Service] [main] com.alibaba.nacos.common.remote.client   : [ddc20fd0-6f26-4493-8cfb-56155c68d87b] Registry connection listener to current client:com.alibaba.nacos.client.naming.remote.gprc.redo.NamingGrpcRedoService
2024-02-04T18:37:26.785+08:00  INFO 90175 --- [News Service] [main] com.alibaba.nacos.common.remote.client   : [ddc20fd0-6f26-4493-8cfb-56155c68d87b] Register server push request handler:com.alibaba.nacos.client.naming.remote.gprc.NamingPushRequestHandler
2024-02-04T18:37:26.787+08:00  INFO 90175 --- [News Service] [main] com.alibaba.nacos.common.remote.client   : [ddc20fd0-6f26-4493-8cfb-56155c68d87b] Try to connect to server on start up, server: {serverIp = '127.0.0.1', server main port = 8848}
2024-02-04T18:37:26.804+08:00  INFO 90175 --- [News Service] [main] c.a.n.c.remote.client.grpc.GrpcClient    : grpc client connection server:127.0.0.1 ip,serverPort:9848,grpcTslConfig:{"sslProvider":"OPENSSL","enableTls":false,"mutualAuthEnable":false,"trustAll":false}
2024-02-04T18:37:27.519+08:00  INFO 90175 --- [News Service] [main] com.alibaba.nacos.common.remote.client   : [ddc20fd0-6f26-4493-8cfb-56155c68d87b] Success to connect to server [127.0.0.1:8848] on start up, connectionId = 1707043047309_127.0.0.1_64524
2024-02-04T18:37:27.520+08:00  INFO 90175 --- [News Service] [com.alibaba.nacos.client.remote.worker] com.alibaba.nacos.common.remote.client   : [ddc20fd0-6f26-4493-8cfb-56155c68d87b] Notify connected event to listeners.
2024-02-04T18:37:27.520+08:00  INFO 90175 --- [News Service] [main] com.alibaba.nacos.common.remote.client   : [ddc20fd0-6f26-4493-8cfb-56155c68d87b] Register server push request handler:com.alibaba.nacos.common.remote.client.RpcClient$ConnectResetRequestHandler
2024-02-04T18:37:27.520+08:00  INFO 90175 --- [News Service] [com.alibaba.nacos.client.remote.worker] com.alibaba.nacos.client.naming          : Grpc connection connect
2024-02-04T18:37:27.520+08:00  INFO 90175 --- [News Service] [main] com.alibaba.nacos.common.remote.client   : [ddc20fd0-6f26-4493-8cfb-56155c68d87b] Register server push request handler:com.alibaba.nacos.common.remote.client.RpcClient$$Lambda$1228/0x00000008017091e0
2024-02-04T18:37:27.521+08:00  INFO 90175 --- [News Service] [main] com.alibaba.nacos.client.naming          : [REGISTER-SERVICE] public registering service News Service with instance Instance{instanceId='null', ip='192.168.0.200', port=8082, weight=1.0, healthy=true, enabled=true, ephemeral=true, clusterName='DEFAULT', serviceName='null', metadata={IPv6=[240e:390:9a50:f2f0:4d14:782e:f2db:f5b7], preserved.register.source=SPRING_CLOUD}}
2024-02-04T18:37:27.535+08:00  INFO 90175 --- [News Service] [main] c.a.c.n.registry.NacosServiceRegistry    : nacos registry, DEFAULT_GROUP News Service 192.168.0.200:8082 register finished
2024-02-04T18:37:27.558+08:00  INFO 90175 --- [News Service] [main] c.e.pressnews.PressNewsApplication       : Started PressNewsApplication in 3.588 seconds (process running for 4.126)
2024-02-04T18:37:27.633+08:00  INFO 90175 --- [News Service] [registrationTask1] d.c.b.a.c.r.ApplicationRegistrator       : Application registered itself as 72928b20b42e
2024-02-04T18:37:27.650+08:00  INFO 90175 --- [News Service] [http-nio-8082-exec-3] o.a.c.c.C.[Tomcat].[localhost].[/]       : Initializing Spring DispatcherServlet 'dispatcherServlet'
2024-02-04T18:37:27.650+08:00  INFO 90175 --- [News Service] [http-nio-8082-exec-3] o.s.web.servlet.DispatcherServlet        : Initializing Servlet 'dispatcherServlet'
2024-02-04T18:37:27.652+08:00  INFO 90175 --- [News Service] [http-nio-8082-exec-3] o.s.web.servlet.DispatcherServlet        : Completed initialization in 2 ms
2024-02-04T18:37:28.146+08:00  INFO 90175 --- [News Service] [RMI TCP Connection(5)-192.168.0.200] com.zaxxer.hikari.HikariDataSource       : HikariPool-1 - Starting...
2024-02-04T18:37:28.397+08:00  INFO 90175 --- [News Service] [RMI TCP Connection(5)-192.168.0.200] com.zaxxer.hikari.pool.HikariPool        : HikariPool-1 - Added connection com.mysql.cj.jdbc.ConnectionImpl@733a6669
2024-02-04T18:37:28.399+08:00  INFO 90175 --- [News Service] [RMI TCP Connection(5)-192.168.0.200] com.zaxxer.hikari.HikariDataSource       : HikariPool-1 - Start completed.
2024-02-04T18:40:31.961+08:00  WARN 90175 --- [News Service] [Thread-4] c.a.nacos.common.notify.NotifyCenter     : [NotifyCenter] Start destroying Publisher
2024-02-04T18:40:31.961+08:00  WARN 90175 --- [News Service] [Thread-7] c.a.n.common.http.HttpClientBeanHolder   : [HttpClientBeanHolder] Start destroying common HttpClient
2024-02-04T18:40:31.964+08:00  WARN 90175 --- [News Service] [Thread-4] c.a.nacos.common.notify.NotifyCenter     : [NotifyCenter] Destruction of the end
2024-02-04T18:40:31.966+08:00  WARN 90175 --- [News Service] [Thread-7] c.a.n.common.http.HttpClientBeanHolder   : [HttpClientBeanHolder] Destruction of the end
